1
1 3 2 

2
1 3 2 
2 1 3 

2
4 5 3 1 2 
3 1 5 2 4 

6
7 6 8 5 4 1 3 2 
6 1 5 7 8 2 4 3 
1 7 4 8 2 3 6 5 
4 3 2 1 5 8 7 6 
5 2 3 4 1 6 8 7 
3 4 1 6 7 5 2 8 

2
8 6 7 5 1 4 2 3 
2 1 4 7 6 5 3 8 

5
9 7 2 10 3 6 8 5 4 1 
2 4 5 7 8 9 10 1 6 3 
3 2 7 1 10 8 4 6 9 5 
6 3 10 4 7 5 2 9 1 8 
1 5 4 6 2 10 7 3 8 9 

6
11 9 12 7 3 1 13 5 10 6 2 8 4 
12 4 3 11 2 5 7 8 1 13 10 9 6 
4 6 10 1 7 9 11 13 3 5 12 2 8 
7 12 4 8 11 13 5 2 6 1 9 3 10 
5 2 7 12 4 6 3 10 8 9 13 1 11 
1 8 5 10 6 3 9 11 7 2 4 13 12 

11
19 22 17 14 18 10 9 7 23 11 21 8 5 16 20 3 12 4 13 15 6 2 1 
22 12 2 23 16 14 19 4 21 5 20 11 1 17 15 9 13 10 6 18 8 7 3 
13 6 21 22 19 16 18 5 7 17 9 14 23 20 3 4 15 2 1 12 10 8 11 
23 13 6 4 17 1 22 19 5 16 8 10 14 21 18 7 20 15 2 3 11 9 12 
8 2 3 16 6 5 23 12 17 20 11 18 7 1 22 19 14 21 9 4 15 10 13 
12 20 8 15 7 18 5 6 13 21 19 16 22 23 9 10 3 1 4 2 17 11 14 
4 14 9 2 8 23 10 20 1 15 18 13 3 12 7 21 11 6 22 5 19 17 16 
2 3 10 5 13 12 16 21 4 8 15 7 6 22 14 23 19 20 11 9 1 18 17 
9 18 14 3 15 20 11 8 2 7 1 12 10 13 23 6 21 5 16 17 4 22 19 
11 15 12 8 3 9 7 14 10 13 5 22 16 4 17 2 6 18 23 19 21 1 20 
17 1 4 6 10 2 15 18 11 12 3 5 9 8 13 14 16 22 7 20 23 19 21 

