EILNO
EILON
EINLO
EINOL
EIOLN
EIONL
ELINO
ELION
ELNIO
ELNOI
ELOIN
ELONI
ENILO
ENIOL
ENLIO
ENLOI
ENOIL
ENOLI
EOILN
EOINL
EOLIN
EOLNI
EONIL
EONLI
IELNO
IELON
IENLO
IENOL
IEOLN
IEONL
ILENO
ILEON
ILNEO
ILNOE
ILOEN
ILONE
INELO
INEOL
INLEO
INLOE
INOEL
INOLE
IOELN
IOENL
IOLEN
IOLNE
IONEL
IONLE
LEINO
LEION
LENIO
LENOI
LEOIN
LEONI
LIENO
LIEON
LINEO
LINOE
LIOEN
LIONE
LNEIO
LNEOI
LNIEO
LNIOE
LNOEI
LNOIE
LOEIN
LOENI
LOIEN
LOINE
LONEI
LONIE
NEILO
NEIOL
NELIO
NELOI
NEOIL
NEOLI
NIELO
NIEOL
NILEO
NILOE
NIOEL
NIOLE
NLEIO
NLEOI
NLIEO
NLIOE
NLOEI
NLOIE
NOEIL
NOELI
NOIEL
NOILE
NOLEI
NOLIE
OEILN
OEINL
OELIN
OELNI
OENIL
OENLI
OIELN
OIENL
OILEN
OILNE
OINEL
OINLE
OLEIN
OLENI
OLIEN
OLINE
OLNEI
OLNIE
ONEIL
ONELI
ONIEL
ONILE
ONLEI
ONLIE
120 solutii!