-8 6 10 343 2134 
-8 6 10 2134 343 
-8 6 343 10 2134 
-8 6 343 2134 10 
-8 6 2134 10 343 
-8 6 2134 343 10 
-8 10 6 343 2134 
-8 10 6 2134 343 
-8 10 343 6 2134 
-8 10 343 2134 6 
-8 10 2134 6 343 
-8 10 2134 343 6 
-8 343 6 10 2134 
-8 343 6 2134 10 
-8 343 10 6 2134 
-8 343 10 2134 6 
-8 343 2134 6 10 
-8 343 2134 10 6 
-8 2134 6 10 343 
-8 2134 6 343 10 
-8 2134 10 6 343 
-8 2134 10 343 6 
-8 2134 343 6 10 
-8 2134 343 10 6 
6 -8 10 343 2134 
6 -8 10 2134 343 
6 -8 343 10 2134 
6 -8 343 2134 10 
6 -8 2134 10 343 
6 -8 2134 343 10 
6 10 -8 343 2134 
6 10 -8 2134 343 
6 10 343 -8 2134 
6 10 343 2134 -8 
6 10 2134 -8 343 
6 10 2134 343 -8 
6 343 -8 10 2134 
6 343 -8 2134 10 
6 343 10 -8 2134 
6 343 10 2134 -8 
6 343 2134 -8 10 
6 343 2134 10 -8 
6 2134 -8 10 343 
6 2134 -8 343 10 
6 2134 10 -8 343 
6 2134 10 343 -8 
6 2134 343 -8 10 
6 2134 343 10 -8 
10 -8 6 343 2134 
10 -8 6 2134 343 
10 -8 343 6 2134 
10 -8 343 2134 6 
10 -8 2134 6 343 
10 -8 2134 343 6 
10 6 -8 343 2134 
10 6 -8 2134 343 
10 6 343 -8 2134 
10 6 343 2134 -8 
10 6 2134 -8 343 
10 6 2134 343 -8 
10 343 -8 6 2134 
10 343 -8 2134 6 
10 343 6 -8 2134 
10 343 6 2134 -8 
10 343 2134 -8 6 
10 343 2134 6 -8 
10 2134 -8 6 343 
10 2134 -8 343 6 
10 2134 6 -8 343 
10 2134 6 343 -8 
10 2134 343 -8 6 
10 2134 343 6 -8 
343 -8 6 10 2134 
343 -8 6 2134 10 
343 -8 10 6 2134 
343 -8 10 2134 6 
343 -8 2134 6 10 
343 -8 2134 10 6 
343 6 -8 10 2134 
343 6 -8 2134 10 
343 6 10 -8 2134 
343 6 10 2134 -8 
343 6 2134 -8 10 
343 6 2134 10 -8 
343 10 -8 6 2134 
343 10 -8 2134 6 
343 10 6 -8 2134 
343 10 6 2134 -8 
343 10 2134 -8 6 
343 10 2134 6 -8 
343 2134 -8 6 10 
343 2134 -8 10 6 
343 2134 6 -8 10 
343 2134 6 10 -8 
343 2134 10 -8 6 
343 2134 10 6 -8 
2134 -8 6 10 343 
2134 -8 6 343 10 
2134 -8 10 6 343 
2134 -8 10 343 6 
2134 -8 343 6 10 
2134 -8 343 10 6 
2134 6 -8 10 343 
2134 6 -8 343 10 
2134 6 10 -8 343 
2134 6 10 343 -8 
2134 6 343 -8 10 
2134 6 343 10 -8 
2134 10 -8 6 343 
2134 10 -8 343 6 
2134 10 6 -8 343 
2134 10 6 343 -8 
2134 10 343 -8 6 
2134 10 343 6 -8 
2134 343 -8 6 10 
2134 343 -8 10 6 
2134 343 6 -8 10 
2134 343 6 10 -8 
2134 343 10 -8 6 
2134 343 10 6 -8 
120 solutii!